<?xml version="1.0" encoding="UTF-8" ?>

<testsuite failures="0" time="0.051" errors="0" skipped="0" tests="4" name="BasicTest">
  <testcase classname="BasicTest" name="aVeryImportantThingToTest" time="0.002">
      </testcase>
  <testcase classname="BasicTest" name="test03" time="0.037">
      </testcase>
  <testcase classname="BasicTest" name="test02" time="0.008">
      </testcase>
  <testcase classname="BasicTest" name="test01" time="0.004">
      </testcase>
</testsuite>
